app/build/outputs/logs/manifest-merger-debug-report.txt
-- Merging decision tree log ---
manifest
ADDED from src\main\AndroidManifest.xml:2:1-65:12
	package
		ADDED from src\main\AndroidManifest.xml:3:7-27
		INJECTED from src\main\AndroidManifest.xml
		INJECTED from src\main\AndroidManifest.xml
	android:versionName
		ADDED from src\main\AndroidManifest.xml:4:32-59
		INJECTED from src\main\AndroidManifest.xml
		INJECTED from src\main\AndroidManifest.xml
	android:versionCode
		ADDED from src\main\AndroidManifest.xml:4:7-31
		INJECTED from src\main\AndroidManifest.xml
		INJECTED from src\main\AndroidManifest.xml
	xmlns:android
		ADDED from src\main\AndroidManifest.xml:2:11-69
application
ADDED from src\main\AndroidManifest.xml:5:5-55:19
MERGED from [com.android.support:appcompat-v7:25.3.1] AndroidManifest.xml:29:5-20
MERGED from [com.android.support:support-v4:25.3.1] AndroidManifest.xml:29:5-20
MERGED from [com.android.support:support-compat:25.3.1] AndroidManifest.xml:29:5-20
MERGED from [com.android.support:support-media-compat:25.3.1] AndroidManifest.xml:29:5-20
MERGED from [com.android.support:support-core-utils:25.3.1] AndroidManifest.xml:29:5-20
MERGED from [com.android.support:support-core-ui:25.3.1] AndroidManifest.xml:29:5-20
MERGED from [com.android.support:support-fragment:25.3.1] AndroidManifest.xml:29:5-20
MERGED from [com.android.support:support-vector-drawable:25.3.1] AndroidManifest.xml:26:5-20
MERGED from [com.android.support:animated-vector-drawable:25.3.1] AndroidManifest.xml:26:5-20
	android:label
		ADDED from src\main\AndroidManifest.xml:7:6-38
	android:icon
		ADDED from src\main\AndroidManifest.xml:6:6-40
activity#net.avs234.AndLess
ADDED from src\main\AndroidManifest.xml:8:9-33:20
	android:label
		ADDED from src\main\AndroidManifest.xml:10:19-51
	android:configChanges
		ADDED from src\main\AndroidManifest.xml:9:20-88
	android:name
		ADDED from src\main\AndroidManifest.xml:8:19-42
intent-filter#android.intent.action.MAIN+android.intent.category.LAUNCHER
ADDED from src\main\AndroidManifest.xml:13:13-16:29
action#android.intent.action.MAIN
ADDED from src\main\AndroidManifest.xml:14:17-69
	android:name
		ADDED from src\main\AndroidManifest.xml:14:25-66
category#android.intent.category.LAUNCHER
ADDED from src\main\AndroidManifest.xml:15:17-77
	android:name
		ADDED from src\main\AndroidManifest.xml:15:27-74
intent-filter#android.intent.action.VIEW+android.intent.category.DEFAULT+net.avs234.AndLessSrv.VIEW_INTENT
ADDED from src\main\AndroidManifest.xml:17:13-32:29
action#android.intent.action.VIEW
ADDED from src\main\AndroidManifest.xml:18:17-69
	android:name
		ADDED from src\main\AndroidManifest.xml:18:25-66
action#net.avs234.AndLessSrv.VIEW_INTENT
ADDED from src\main\AndroidManifest.xml:19:17-76
	android:name
		ADDED from src\main\AndroidManifest.xml:19:25-73
category#android.intent.category.DEFAULT
ADDED from src\main\AndroidManifest.xml:20:17-76
	android:name
		ADDED from src\main\AndroidManifest.xml:20:27-73
data
ADDED from src\main\AndroidManifest.xml:21:17-82
	android:scheme
		ADDED from src\main\AndroidManifest.xml:21:58-79
	android:mimeType
		ADDED from src\main\AndroidManifest.xml:21:23-57
service#net.avs234.AndLessSrv
ADDED from src\main\AndroidManifest.xml:35:9-38:37
	android:process
		ADDED from src\main\AndroidManifest.xml:38:10-35
	android:exported
		ADDED from src\main\AndroidManifest.xml:36:10-35
	android:name
		ADDED from src\main\AndroidManifest.xml:37:10-36
receiver#net.avs234.RemoteControlReceiver
ADDED from src\main\AndroidManifest.xml:40:3-44:20
	android:name
		ADDED from src\main\AndroidManifest.xml:40:13-49
intent-filter#android.intent.action.MEDIA_BUTTON
ADDED from src\main\AndroidManifest.xml:41:13-43:29
	android:priority
		ADDED from src\main\AndroidManifest.xml:41:28-51
action#android.intent.action.MEDIA_BUTTON
ADDED from src\main\AndroidManifest.xml:42:17-77
	android:name
		ADDED from src\main\AndroidManifest.xml:42:25-74
activity#net.avs234.Preferences
ADDED from src\main\AndroidManifest.xml:46:3-53:20
	android:label
		ADDED from src\main\AndroidManifest.xml:49:19-51
	android:launchMode
		ADDED from src\main\AndroidManifest.xml:47:7-37
	android:configChanges
		ADDED from src\main\AndroidManifest.xml:48:7-57
	android:name
		ADDED from src\main\AndroidManifest.xml:46:13-40
intent-filter#android.intent.action.MAIN
ADDED from src\main\AndroidManifest.xml:50:13-52:29
uses-sdk
ADDED from src\main\AndroidManifest.xml:56:5-71
MERGED from [com.android.support:appcompat-v7:25.3.1] AndroidManifest.xml:21:5-23:78
MERGED from [com.android.support:support-v4:25.3.1] AndroidManifest.xml:21:5-23:54
MERGED from [com.android.support:support-compat:25.3.1] AndroidManifest.xml:21:5-23:58
MERGED from [com.android.support:support-media-compat:25.3.1] AndroidManifest.xml:21:5-23:63
MERGED from [com.android.support:support-core-utils:25.3.1] AndroidManifest.xml:21:5-23:61
MERGED from [com.android.support:support-core-ui:25.3.1] AndroidManifest.xml:21:5-23:58
MERGED from [com.android.support:support-fragment:25.3.1] AndroidManifest.xml:21:5-23:60
MERGED from [com.android.support:support-vector-drawable:25.3.1] AndroidManifest.xml:20:5-43
MERGED from [com.android.support:animated-vector-drawable:25.3.1] AndroidManifest.xml:20:5-44
	tools:overrideLibrary
		ADDED from [com.android.support:appcompat-v7:25.3.1] AndroidManifest.xml:23:9-75
	android:targetSdkVersion
		ADDED from src\main\AndroidManifest.xml:56:41-69
		INJECTED from src\main\AndroidManifest.xml
		INJECTED from src\main\AndroidManifest.xml
	android:minSdkVersion
		ADDED from src\main\AndroidManifest.xml:56:15-40
		INJECTED from src\main\AndroidManifest.xml
		INJECTED from src\main\AndroidManifest.xml
supports-screens
ADDED from src\main\AndroidManifest.xml:57:2-22
uses-permission#android.permission.WAKE_LOCK
ADDED from src\main\AndroidManifest.xml:59:1-63
	android:name
		ADDED from src\main\AndroidManifest.xml:59:18-61
uses-permission#android.permission.READ_PHONE_STATE
ADDED from src\main\AndroidManifest.xml:61:1-70
	android:name
		ADDED from src\main\AndroidManifest.xml:61:18-68
uses-permission#android.permission.MODIFY_AUDIO_SETTINGS
ADDED from src\main\AndroidManifest.xml:62:1-75
	android:name
		ADDED from src\main\AndroidManifest.xml:62:18-73
uses-permission#android.permission.WRITE_EXTERNAL_STORAGE
ADDED from src\main\AndroidManifest.xml:63:1-76
	android:name
		ADDED from src\main\AndroidManifest.xml:63:18-74
uses-permission#android.permission.READ_EXTERNAL_STORAGE
ADDED from src\main\AndroidManifest.xml:64:5-79
	android:name
		ADDED from src\main\AndroidManifest.xml:64:22-77
meta-data#android.support.VERSION
ADDED from [com.android.support:appcompat-v7:25.3.1] AndroidManifest.xml:25:5-27:34
MERGED from [com.android.support:support-v4:25.3.1] AndroidManifest.xml:25:5-27:34
MERGED from [com.android.support:support-compat:25.3.1] AndroidManifest.xml:25:5-27:34
MERGED from [com.android.support:support-media-compat:25.3.1] AndroidManifest.xml:25:5-27:34
MERGED from [com.android.support:support-core-utils:25.3.1] AndroidManifest.xml:25:5-27:34
MERGED from [com.android.support:support-core-ui:25.3.1] AndroidManifest.xml:25:5-27:34
MERGED from [com.android.support:support-fragment:25.3.1] AndroidManifest.xml:25:5-27:34
MERGED from [com.android.support:support-vector-drawable:25.3.1] AndroidManifest.xml:22:5-24:34
MERGED from [com.android.support:animated-vector-drawable:25.3.1] AndroidManifest.xml:22:5-24:34
	android:value
		ADDED from [com.android.support:appcompat-v7:25.3.1] AndroidManifest.xml:27:9-31
	android:name
		ADDED from [com.android.support:appcompat-v7:25.3.1] AndroidManifest.xml:26:9-47